0 info it worked if it ends with ok
1 verbose cli [ '/usr/local/Cellar/node/6.2.2/bin/node',
1 verbose cli   '/usr/local/bin/npm',
1 verbose cli   'start' ]
2 info using npm@3.10.5
3 info using node@v6.2.2
4 verbose run-script [ 'prestart', 'start', 'poststart' ]
5 info lifecycle server2@0.6.9~prestart: server2@0.6.9
6 silly lifecycle server2@0.6.9~prestart: no script for prestart, continuing
7 info lifecycle server2@0.6.9~start: server2@0.6.9
8 verbose lifecycle server2@0.6.9~start: unsafe-perm in lifecycle true
9 verbose lifecycle server2@0.6.9~start: PATH: /usr/local/lib/node_modules/npm/bin/node-gyp-bin:/Users/William/Dev/Qroject4/server2/node_modules/.bin:/usr/local/Cellar/node/6.2.2/bin:/Users/William/.rvm/gems/ruby-2.3.1/bin:/Users/William/.rvm/gems/ruby-2.3.1@global/bin:/Users/William/.rvm/rubies/ruby-2.3.1/bin:/usr/local/bin:/usr/bin:/bin:/usr/sbin:/sbin:/Users/William/.rvm/bin:/Applications/Postgres.app/Contents/Versions/latest/bin:/Users/William/.rvm/bin
10 verbose lifecycle server2@0.6.9~start: CWD: /Users/William/Dev/Qroject4/server2
11 silly lifecycle server2@0.6.9~start: Args: [ '-c', 'node app.js' ]
12 silly lifecycle server2@0.6.9~start: Returned: code: 1  signal: null
13 info lifecycle server2@0.6.9~start: Failed to exec start script
14 verbose stack Error: server2@0.6.9 start: `node app.js`
14 verbose stack Exit status 1
14 verbose stack     at EventEmitter.<anonymous> (/usr/local/lib/node_modules/npm/lib/utils/lifecycle.js:242:16)
14 verbose stack     at emitTwo (events.js:106:13)
14 verbose stack     at EventEmitter.emit (events.js:191:7)
14 verbose stack     at ChildProcess.<anonymous> (/usr/local/lib/node_modules/npm/lib/utils/spawn.js:40:14)
14 verbose stack     at emitTwo (events.js:106:13)
14 verbose stack     at ChildProcess.emit (events.js:191:7)
14 verbose stack     at maybeClose (internal/child_process.js:852:16)
14 verbose stack     at Process.ChildProcess._handle.onexit (internal/child_process.js:215:5)
15 verbose pkgid server2@0.6.9
16 verbose cwd /Users/William/Dev/Qroject4/server2
17 error Darwin 15.6.0
18 error argv "/usr/local/Cellar/node/6.2.2/bin/node" "/usr/local/bin/npm" "start"
19 error node v6.2.2
20 error npm  v3.10.5
21 error code ELIFECYCLE
22 error server2@0.6.9 start: `node app.js`
22 error Exit status 1
23 error Failed at the server2@0.6.9 start script 'node app.js'.
23 error Make sure you have the latest version of node.js and npm installed.
23 error If you do, this is most likely a problem with the server2 package,
23 error not with npm itself.
23 error Tell the author that this fails on your system:
23 error     node app.js
23 error You can get information on how to open an issue for this project with:
23 error     npm bugs server2
23 error Or if that isn't available, you can get their info via:
23 error     npm owner ls server2
23 error There is likely additional logging output above.
24 verbose exit [ 1, true ]
